<?xml version="1.0" encoding="UTF-8"?>
<!-- Generated by org.testng.reporters.JUnitReportReporter -->
<testsuite hostname="DESKTOP-BNA8RSC" failures="0" tests="1" name="test.LoginTest" time="2.768" errors="0" timestamp="2023-10-14T00:43:10 CDT" skipped="0">
  <testcase classname="test.LoginTest" name="validUserShouldBeAbleToLogin" time="2.768"/>
</testsuite> <!-- test.LoginTest -->
