<?xml version="1.0" encoding="UTF-8"?>
<!-- Generated by org.testng.reporters.JUnitReportReporter -->
<testsuite hostname="DESKTOP-BNA8RSC" failures="0" tests="1" name="test.AddCustomerTest" time="5.713" errors="0" timestamp="2023-10-14T02:46:33 CDT" skipped="0">
  <testcase classname="test.AddCustomerTest" name="userShouldBeAbleToAddCustomer" time="5.713"/>
</testsuite> <!-- test.AddCustomerTest -->
